<?xml version="1.0" encoding="utf-8"?><testsuites name="pytest tests"><testsuite name="pytest" errors="0" failures="0" skipped="0" tests="17" time="1.201" timestamp="2026-04-21T10:29:46.493685+00:00" hostname="agent-env-65d2b399-49a6-4dd5-8fa8-5ba1d42a676e"><testcase classname="tests.test_bulk_delete_and_splitting.TestHealth" name="test_admin_login" time="0.357" /><testcase classname="tests.test_bulk_delete_and_splitting.TestHealth" name="test_orders_list_returns_total_quantity" time="0.165" /><testcase classname="tests.test_bulk_delete_and_splitting.TestBulkDeleteValidation" name="test_bulk_delete_missing_confirm_returns_400" time="0.062" /><testcase classname="tests.test_bulk_delete_and_splitting.TestBulkDeleteValidation" name="test_bulk_delete_empty_ids_returns_400" time="0.045" /><testcase classname="tests.test_bulk_delete_and_splitting.TestBulkDeleteValidation" name="test_bulk_delete_nonexistent_ids_returns_200" time="0.055" /><testcase classname="tests.test_bulk_delete_and_splitting.TestCascadeDelete" name="test_bulk_delete_cascades_to_sub_orders" time="0.076" /><testcase classname="tests.test_bulk_delete_and_splitting.TestCascadeDelete" name="test_single_delete_returns_404_for_missing" time="0.050" /><testcase classname="tests.test_bulk_delete_and_splitting.TestCascadeDelete" name="test_single_delete_cascades" time="0.062" /><testcase classname="tests.test_bulk_delete_and_splitting.TestBulkDeleteByFilter" name="test_missing_confirm_returns_400" time="0.047" /><testcase classname="tests.test_bulk_delete_and_splitting.TestBulkDeleteByFilter" name="test_filter_with_no_match_returns_0" time="0.056" /><testcase classname="tests.test_bulk_delete_and_splitting.TestBulkDeleteByFilter" name="test_filter_delete_cascades_and_count_matches" time="0.126" /><testcase classname="tests.test_bulk_delete_and_splitting.TestSplittingLogic" name="test_should_not_split_identical_skus" time="0.001" /><testcase classname="tests.test_bulk_delete_and_splitting.TestSplittingLogic" name="test_should_split_different_skus" time="0.000" /><testcase classname="tests.test_bulk_delete_and_splitting.TestSplittingLogic" name="test_should_not_split_empty" time="0.000" /><testcase classname="tests.test_bulk_delete_and_splitting.TestSplittingLogic" name="test_should_not_split_no_sku_same_title" time="0.000" /><testcase classname="tests.test_bulk_delete_and_splitting.TestSplittingLogic" name="test_split_130_identical_creates_zero_sub_orders" time="0.011" /><testcase classname="tests.test_bulk_delete_and_splitting.TestSplittingLogic" name="test_split_two_unique_skus_creates_two_sub_orders" time="0.014" /></testsuite></testsuites>